# JRE version: Java(TM) SE Runtime Environment (8.0_66-b17) (build 1.8.0_66-b17)
# Java VM: Java HotSpot(TM) 64-Bit Server VM (25.66-b17 mixed mode linux-amd64 compressed oops)
Heap:
 PSYoungGen      total 716800K, used 223244K [0x000000076cd80000, 0x00000007b5480000, 0x00000007c0000000)
  eden space 262656K, 0% used [0x000000076cd80000,0x000000076cd80000,0x000000077ce00000)
  from space 454144K, 49% used [0x0000000798980000,0x00000007a6383280,0x00000007b4500000)
  to   space 454144K, 0% used [0x000000077ce00000,0x000000077ce00000,0x0000000798980000)
 ParOldGen       total 1598464K, used 1598276K [0x00000006c6800000, 0x0000000728100000, 0x000000076cd80000)
  object space 1598464K, 99% used [0x00000006c6800000,0x00000007280d1148,0x0000000728100000)
 Metaspace       used 2530K, capacity 4498K, committed 4864K, reserved 1056768K
  class space    used 274K, capacity 386K, committed 512K, reserved 1048576K
GC Heap History (10 events):
Event: 11.805 GC heap after
Heap after GC invocations=10 (full 3):
 PSYoungGen      total 486400K, used 281589K [0x000000076cd80000, 0x00000007ab580000, 0x00000007c0000000)
  eden space 204800K, 0% used [0x000000076cd80000,0x000000076cd80000,0x0000000779580000)
  from space 281600K, 99% used [0x0000000779580000,0x000000078a87d7a0,0x000000078a880000)
  to   space 363520K, 0% used [0x0000000795280000,0x0000000795280000,0x00000007ab580000)
 ParOldGen       total 960000K, used 561934K [0x00000006c6800000, 0x0000000701180000, 0x000000076cd80000)
  object space 960000K, 58% used [0x00000006c6800000,0x00000006e8cc39e8,0x0000000701180000)
 Metaspace       used 2530K, capacity 4498K, committed 4864K, reserved 1056768K
  class space    used 274K, capacity 386K, committed 512K, reserved 1048576K
}
Event: 11.887 GC heap before
{Heap before GC invocations=11 (full 3):
 PSYoungGen      total 486400K, used 486389K [0x000000076cd80000, 0x00000007ab580000, 0x00000007c0000000)
  eden space 204800K, 100% used [0x000000076cd80000,0x0000000779580000,0x0000000779580000)
  from space 281600K, 99% used [0x0000000779580000,0x000000078a87d7a0,0x000000078a880000)
  to   space 363520K, 0% used [0x0000000795280000,0x0000000795280000,0x00000007ab580000)
 ParOldGen       total 960000K, used 561934K [0x00000006c6800000, 0x0000000701180000, 0x000000076cd80000)
  object space 960000K, 58% used [0x00000006c6800000,0x00000006e8cc39e8,0x0000000701180000)
 Metaspace       used 2530K, capacity 4498K, committed 4864K, reserved 1056768K
  class space    used 274K, capacity 386K, committed 512K, reserved 1048576K
Event: 12.752 GC heap after
Heap after GC invocations=11 (full 3):
 PSYoungGen      total 569856K, used 363509K [0x000000076cd80000, 0x00000007b7d80000, 0x00000007c0000000)
  eden space 206336K, 0% used [0x000000076cd80000,0x000000076cd80000,0x0000000779700000)
  from space 363520K, 99% used [0x0000000795280000,0x00000007ab57d7a0,0x00000007ab580000)
  to   space 454144K, 0% used [0x0000000779700000,0x0000000779700000,0x0000000795280000)
 ParOldGen       total 960000K, used 685406K [0x00000006c6800000, 0x0000000701180000, 0x000000076cd80000)
  object space 960000K, 71% used [0x00000006c6800000,0x00000006f05579e8,0x0000000701180000)
 Metaspace       used 2530K, capacity 4498K, committed 4864K, reserved 1056768K
  class space    used 274K, capacity 386K, committed 512K, reserved 1048576K
}
Event: 13.403 GC heap before
{Heap before GC invocations=12 (full 4):
 PSYoungGen      total 569856K, used 569845K [0x000000076cd80000, 0x00000007b7d80000, 0x00000007c0000000)
  eden space 206336K, 100% used [0x000000076cd80000,0x0000000779700000,0x0000000779700000)
  from space 363520K, 99% used [0x0000000795280000,0x00000007ab57d7a0,0x00000007ab580000)
  to   space 454144K, 0% used [0x0000000779700000,0x0000000779700000,0x0000000795280000)
 ParOldGen       total 960000K, used 867935K [0x00000006c6800000, 0x0000000701180000, 0x000000076cd80000)
  object space 960000K, 90% used [0x00000006c6800000,0x00000006fb797d48,0x0000000701180000)
 Metaspace       used 2530K, capacity 4498K, committed 4864K, reserved 1056768K
  class space    used 274K, capacity 386K, committed 512K, reserved 1048576K
Event: 27.519 GC heap after
Heap after GC invocations=12 (full 4):
 PSYoungGen      total 569856K, used 300979K [0x000000076cd80000, 0x00000007b7d80000, 0x00000007c0000000)
  eden space 206336K, 99% used [0x000000076cd80000,0x0000000779686aa0,0x0000000779700000)
  from space 363520K, 26% used [0x0000000795280000,0x000000079af663a0,0x00000007ab580000)
  to   space 454144K, 0% used [0x0000000779700000,0x0000000779700000,0x0000000795280000)
 ParOldGen       total 1598464K, used 959803K [0x00000006c6800000, 0x0000000728100000, 0x000000076cd80000)
  object space 1598464K, 60% used [0x00000006c6800000,0x000000070114ee60,0x0000000728100000)
 Metaspace       used 2530K, capacity 4498K, committed 4864K, reserved 1056768K
  class space    used 274K, capacity 386K, committed 512K, reserved 1048576K
}
Event: 27.520 GC heap before
{Heap before GC invocations=13 (full 4):
 PSYoungGen      total 569856K, used 301464K [0x000000076cd80000, 0x00000007b7d80000, 0x00000007c0000000)
  eden space 206336K, 100% used [0x000000076cd80000,0x0000000779700000,0x0000000779700000)
  from space 363520K, 26% used [0x0000000795280000,0x000000079af663a0,0x00000007ab580000)
  to   space 454144K, 0% used [0x0000000779700000,0x0000000779700000,0x0000000795280000)
 ParOldGen       total 1598464K, used 959803K [0x00000006c6800000, 0x0000000728100000, 0x000000076cd80000)
  object space 1598464K, 60% used [0x00000006c6800000,0x000000070114ee60,0x0000000728100000)
 Metaspace       used 2530K, capacity 4498K, committed 4864K, reserved 1056768K
  class space    used 274K, capacity 386K, committed 512K, reserved 1048576K
Event: 29.364 GC heap after
Heap after GC invocations=13 (full 4):
 PSYoungGen      total 660480K, used 276000K [0x000000076cd80000, 0x00000007b4500000, 0x00000007c0000000)
  eden space 206336K, 0% used [0x000000076cd80000,0x000000076cd80000,0x0000000779700000)
  from space 454144K, 60% used [0x0000000779700000,0x000000078a488000,0x0000000795280000)
  to   space 454144K, 0% used [0x0000000798980000,0x0000000798980000,0x00000007b4500000)
 ParOldGen       total 1598464K, used 985771K [0x00000006c6800000, 0x0000000728100000, 0x000000076cd80000)
  object space 1598464K, 61% used [0x00000006c6800000,0x0000000702aaae60,0x0000000728100000)
 Metaspace       used 2530K, capacity 4498K, committed 4864K, reserved 1056768K
  class space    used 274K, capacity 386K, committed 512K, reserved 1048576K
}
Event: 29.434 GC heap before
{Heap before GC invocations=14 (full 4):
 PSYoungGen      total 660480K, used 482336K [0x000000076cd80000, 0x00000007b4500000, 0x00000007c0000000)
  eden space 206336K, 100% used [0x000000076cd80000,0x0000000779700000,0x0000000779700000)
  from space 454144K, 60% used [0x0000000779700000,0x000000078a488000,0x0000000795280000)
  to   space 454144K, 0% used [0x0000000798980000,0x0000000798980000,0x00000007b4500000)
 ParOldGen       total 1598464K, used 985771K [0x00000006c6800000, 0x0000000728100000, 0x000000076cd80000)
  object space 1598464K, 61% used [0x00000006c6800000,0x0000000702aaae60,0x0000000728100000)
 Metaspace       used 2530K, capacity 4498K, committed 4864K, reserved 1056768K
  class space    used 274K, capacity 386K, committed 512K, reserved 1048576K
Event: 31.844 GC heap after
Heap after GC invocations=14 (full 4):
 PSYoungGen      total 716800K, used 266592K [0x000000076cd80000, 0x00000007b5480000, 0x00000007c0000000)
  eden space 262656K, 0% used [0x000000076cd80000,0x000000076cd80000,0x000000077ce00000)
  from space 454144K, 58% used [0x0000000798980000,0x00000007a8dd8000,0x00000007b4500000)
  to   space 454144K, 0% used [0x000000077ce00000,0x000000077ce00000,0x0000000798980000)
 ParOldGen       total 1598464K, used 1202403K [0x00000006c6800000, 0x0000000728100000, 0x000000076cd80000)
  object space 1598464K, 75% used [0x00000006c6800000,0x000000070fe38e60,0x0000000728100000)
 Metaspace       used 2530K, capacity 4498K, committed 4864K, reserved 1056768K
  class space    used 274K, capacity 386K, committed 512K, reserved 1048576K
}
Event: 32.345 GC heap before
{Heap before GC invocations=15 (full 5):
 PSYoungGen      total 716800K, used 529248K [0x000000076cd80000, 0x00000007b5480000, 0x00000007c0000000)
  eden space 262656K, 100% used [0x000000076cd80000,0x000000077ce00000,0x000000077ce00000)
  from space 454144K, 58% used [0x0000000798980000,0x00000007a8dd8000,0x00000007b4500000)
  to   space 454144K, 0% used [0x000000077ce00000,0x000000077ce00000,0x0000000798980000)
 ParOldGen       total 1598464K, used 1476196K [0x00000006c6800000, 0x0000000728100000, 0x000000076cd80000)
  object space 1598464K, 92% used [0x00000006c6800000,0x0000000720999368,0x0000000728100000)
 Metaspace       used 2530K, capacity 4498K, committed 4864K, reserved 1056768K
  class space    used 274K, capacity 386K, committed 512K, reserved 1048576K

